<?xml version="1.0" encoding="UTF-8"?>
<!-- Generated by org.testng.reporters.JUnitReportReporter -->
<testsuite skipped="0" hostname="LE" name="com.lemon.testcases.InvestFlowTest" tests="3" failures="0" timestamp="2021-08-02T21:38:16 CST" time="0.415" errors="0">
  <testcase name="investFlow" time="0.188" classname="com.lemon.testcases.InvestFlowTest"/>
  <testcase name="investFlow" time="0.088" classname="com.lemon.testcases.InvestFlowTest"/>
  <testcase name="investFlow" time="0.139" classname="com.lemon.testcases.InvestFlowTest"/>
</testsuite> <!-- com.lemon.testcases.InvestFlowTest -->
