<?xml version="1.0" encoding="UTF-8"?>
<!-- Generated by org.testng.reporters.JUnitReportReporter -->
<testsuite skipped="0" hostname="LE" name="com.lemon.testcases.GetUserInfoTest" tests="3" failures="0" timestamp="2021-08-02T21:38:16 CST" time="0.613" errors="0">
  <testcase name="user_info" time="0.142" classname="com.lemon.testcases.GetUserInfoTest"/>
  <testcase name="user_info" time="0.302" classname="com.lemon.testcases.GetUserInfoTest"/>
  <testcase name="user_info" time="0.169" classname="com.lemon.testcases.GetUserInfoTest"/>
</testsuite> <!-- com.lemon.testcases.GetUserInfoTest -->
