<?xml version="1.0" encoding="UTF-8"?>
<!-- Generated by org.testng.reporters.JUnitReportReporter -->
<testsuite skipped="0" hostname="LE" name="com.lemon.testcases.LoginTest" tests="13" failures="0" timestamp="2021-08-02T21:38:16 CST" time="2.024" errors="0">
  <testcase name="login" time="0.167" classname="com.lemon.testcases.LoginTest"/>
  <testcase name="login" time="0.159" classname="com.lemon.testcases.LoginTest"/>
  <testcase name="login" time="0.132" classname="com.lemon.testcases.LoginTest"/>
  <testcase name="login" time="0.166" classname="com.lemon.testcases.LoginTest"/>
  <testcase name="login" time="0.143" classname="com.lemon.testcases.LoginTest"/>
  <testcase name="login" time="0.131" classname="com.lemon.testcases.LoginTest"/>
  <testcase name="login" time="0.238" classname="com.lemon.testcases.LoginTest"/>
  <testcase name="login" time="0.169" classname="com.lemon.testcases.LoginTest"/>
  <testcase name="login" time="0.148" classname="com.lemon.testcases.LoginTest"/>
  <testcase name="login" time="0.177" classname="com.lemon.testcases.LoginTest"/>
  <testcase name="login" time="0.140" classname="com.lemon.testcases.LoginTest"/>
  <testcase name="login" time="0.108" classname="com.lemon.testcases.LoginTest"/>
  <testcase name="login" time="0.146" classname="com.lemon.testcases.LoginTest"/>
</testsuite> <!-- com.lemon.testcases.LoginTest -->
